<?xml version="1.0" encoding="UTF-8"?>
<Site BuildName="Win32-mingw32-make"
	BuildStamp="20240128-1052-Experimental"
	Name="rolexxbro"
	Generator="ctest-3.26.0-rc6"
	CompilerName="C:/msys64/mingw64/bin/g++.exe"
	CompilerVersion="13.2.0"
	OSName="Windows"
	Hostname="rolexxbro"
	OSRelease=" Professional"
	OSVersion=" (Build 22631)"
	OSPlatform="AMD64"
	Is64Bits="1"
	VendorString="AuthenticAMD"
	VendorID="Advanced Micro Devices"
	FamilyID="15"
	ModelID="2"
	ProcessorCacheSize="80"
	NumberOfLogicalCPU="6"
	NumberOfPhysicalCPU="3"
	TotalVirtualMemory="12956"
	TotalPhysicalMemory="12188"
	LogicalProcessorsPerPhysical="2"
	ProcessorClockFrequency="3792"
	>
	<Testing>
		<StartDateTime>Jan 28 13:52 RTZ 2 ([NON-UTF-8-BYTE-0xE7][NON-UTF-8-BYTE-0xE8][NON-UTF-8-BYTE-0xEC][NON-UTF-8-BYTE-0xE0])</StartDateTime>
		<StartTestTime>1706439168</StartTestTime>
		<TestList/>
		<EndDateTime>Jan 28 13:52 RTZ 2 ([NON-UTF-8-BYTE-0xE7][NON-UTF-8-BYTE-0xE8][NON-UTF-8-BYTE-0xEC][NON-UTF-8-BYTE-0xE0])</EndDateTime>
		<EndTestTime>1706439168</EndTestTime>
		<ElapsedMinutes>0</ElapsedMinutes>
	</Testing>
</Site>
